LAB_ASSIGNMENT6/Source/cardboard/samples/sdk-videoplayer/build/outputs/logs/manifest-merger-debug-report.txt
-- Merging decision tree log ---
manifest
ADDED from src\main\AndroidManifest.xml:2:1-50:12
	package
		ADDED from src\main\AndroidManifest.xml:3:5-52
	android:versionName
		ADDED from src\main\AndroidManifest.xml:5:5-33
		INJECTED from src\main\AndroidManifest.xml
		INJECTED from src\main\AndroidManifest.xml
	android:versionCode
		ADDED from src\main\AndroidManifest.xml:4:5-36
		INJECTED from src\main\AndroidManifest.xml
		INJECTED from src\main\AndroidManifest.xml
	xmlns:android
		ADDED from src\main\AndroidManifest.xml:2:11-69
uses-sdk
ADDED from src\main\AndroidManifest.xml:9:5-74
MERGED from [com.google.android.exoplayer:exoplayer:r1.5.10] AndroidManifest.xml:24:5-26:41
MERGED from [com.google.vr:sdk-base:1.20.0] AndroidManifest.xml:5:5-73
MERGED from [com.google.vr:sdk-common:1.20.0] AndroidManifest.xml:3:5-73
	android:targetSdkVersion
		ADDED from src\main\AndroidManifest.xml:9:42-71
		INJECTED from src\main\AndroidManifest.xml
		INJECTED from src\main\AndroidManifest.xml
	android:minSdkVersion
		ADDED from src\main\AndroidManifest.xml:9:15-41
		INJECTED from src\main\AndroidManifest.xml
		INJECTED from src\main\AndroidManifest.xml
uses-feature#0x00020000
ADDED from src\main\AndroidManifest.xml:10:5-78
MERGED from [com.google.vr:sdk-base:1.20.0] AndroidManifest.xml:6:5-77
	android:glEsVersion
		ADDED from src\main\AndroidManifest.xml:10:19-51
	android:required
		ADDED from src\main\AndroidManifest.xml:10:52-75
uses-permission#android.permission.INTERNET
ADDED from src\main\AndroidManifest.xml:13:5-67
	android:name
		ADDED from src\main\AndroidManifest.xml:13:22-64
uses-feature#android.hardware.sensor.accelerometer
ADDED from src\main\AndroidManifest.xml:16:5-97
	android:required
		ADDED from src\main\AndroidManifest.xml:16:72-95
	android:name
		ADDED from src\main\AndroidManifest.xml:16:19-71
uses-feature#android.hardware.sensor.gyroscope
ADDED from src\main\AndroidManifest.xml:17:5-93
	android:required
		ADDED from src\main\AndroidManifest.xml:17:68-91
	android:name
		ADDED from src\main\AndroidManifest.xml:17:19-67
uses-feature#android.software.vr.mode
ADDED from src\main\AndroidManifest.xml:20:5-84
MERGED from [com.google.vr:sdk-base:1.20.0] AndroidManifest.xml:13:5-85
	android:required
		ADDED from src\main\AndroidManifest.xml:20:59-82
	android:name
		ADDED from src\main\AndroidManifest.xml:20:19-58
uses-feature#android.hardware.vr.high_performance
ADDED from src\main\AndroidManifest.xml:22:5-96
MERGED from [com.google.vr:sdk-base:1.20.0] AndroidManifest.xml:15:5-97
	android:required
		ADDED from src\main\AndroidManifest.xml:22:71-94
	android:name
		ADDED from src\main\AndroidManifest.xml:22:19-70
application
ADDED from src\main\AndroidManifest.xml:24:5-48:19
	android:label
		ADDED from src\main\AndroidManifest.xml:26:9-43
	android:allowBackup
		ADDED from src\main\AndroidManifest.xml:25:9-35
	android:theme
		ADDED from src\main\AndroidManifest.xml:27:9-47
activity#com.google.vr.sdk.samples.videoplayer.WatchVideoActivity
ADDED from src\main\AndroidManifest.xml:28:9-47:20
	android:screenOrientation
		ADDED from src\main\AndroidManifest.xml:30:19-56
	android:enableVrMode
		ADDED from src\main\AndroidManifest.xml:32:19-71
	android:label
		ADDED from src\main\AndroidManifest.xml:29:19-51
	android:resizeableActivity
		ADDED from src\main\AndroidManifest.xml:33:19-53
	android:configChanges
		ADDED from src\main\AndroidManifest.xml:31:19-80
	android:name
		ADDED from src\main\AndroidManifest.xml:28:19-53
meta-data#com.google.android.vr.icon
ADDED from src\main\AndroidManifest.xml:36:13-37:66
	android:resource
		ADDED from src\main\AndroidManifest.xml:37:24-63
	android:name
		ADDED from src\main\AndroidManifest.xml:36:24-65
meta-data#com.google.android.vr.icon_background
ADDED from src\main\AndroidManifest.xml:38:13-39:66
	android:resource
		ADDED from src\main\AndroidManifest.xml:39:24-63
	android:name
		ADDED from src\main\AndroidManifest.xml:38:24-76
intent-filter#android.intent.action.MAIN+android.intent.category.LAUNCHER+com.google.intent.category.CARDBOARD+com.google.intent.category.DAYDREAM
ADDED from src\main\AndroidManifest.xml:41:13-46:29
action#android.intent.action.MAIN
ADDED from src\main\AndroidManifest.xml:42:17-69
	android:name
		ADDED from src\main\AndroidManifest.xml:42:25-66
category#android.intent.category.LAUNCHER
ADDED from src\main\AndroidManifest.xml:43:17-77
	android:name
		ADDED from src\main\AndroidManifest.xml:43:27-74
category#com.google.intent.category.CARDBOARD
ADDED from src\main\AndroidManifest.xml:44:17-81
	android:name
		ADDED from src\main\AndroidManifest.xml:44:27-78
category#com.google.intent.category.DAYDREAM
ADDED from src\main\AndroidManifest.xml:45:17-80
	android:name
		ADDED from src\main\AndroidManifest.xml:45:27-77
uses-permission#android.permission.READ_EXTERNAL_STORAGE
ADDED from [com.google.vr:sdk-base:1.20.0] AndroidManifest.xml:9:5-79
	android:name
		ADDED from [com.google.vr:sdk-base:1.20.0] AndroidManifest.xml:9:22-77
uses-permission#android.permission.WRITE_EXTERNAL_STORAGE
ADDED from [com.google.vr:sdk-base:1.20.0] AndroidManifest.xml:10:5-80
	android:name
		ADDED from [com.google.vr:sdk-base:1.20.0] AndroidManifest.xml:10:22-78
android:uses-permission#android.permission.READ_EXTERNAL_STORAGE
IMPLIED from src\main\AndroidManifest.xml:2:1-50:12 reason: com.google.vr.sdk.base requested WRITE_EXTERNAL_STORAGE